c:\users\2240070\desktop\my_project\3dgp\x64\debug\vc143.pdb
c:\users\2240070\desktop\my_project\3dgp\x64\debug\vc143.idb
c:\users\2240070\desktop\my_project\3dgp\x64\debug\framework.obj
c:\users\2240070\desktop\my_project\3dgp\x64\debug\framebuffer.obj
c:\users\2240070\desktop\my_project\3dgp\x64\debug\main.obj
c:\users\2240070\desktop\my_project\3dgp\x64\debug\texture.obj
c:\users\2240070\desktop\my_project\3dgp\x64\debug\static_mesh.obj
c:\users\2240070\desktop\my_project\3dgp\x64\debug\sprite_batch.obj
c:\users\2240070\desktop\my_project\3dgp\x64\debug\sprite.obj
c:\users\2240070\desktop\my_project\3dgp\x64\debug\skinned_mash.obj
c:\users\2240070\desktop\my_project\3dgp\x64\debug\shader.obj
c:\users\2240070\desktop\my_project\3dgp\x64\debug\gltf_model.obj
c:\users\2240070\desktop\my_project\3dgp\x64\debug\geometric_primitive.obj
c:\users\2240070\desktop\my_project\3dgp\x64\debug\fullscreen_quad.obj
c:\users\2240070\desktop\my_project\3dgp\x64\debug\imgui_widgets.obj
c:\users\2240070\desktop\my_project\3dgp\x64\debug\imgui_ja_gryph_ranges.obj
c:\users\2240070\desktop\my_project\3dgp\x64\debug\imgui_impl_win32.obj
c:\users\2240070\desktop\my_project\3dgp\x64\debug\imgui_impl_dx11.obj
c:\users\2240070\desktop\my_project\3dgp\x64\debug\imgui_draw.obj
c:\users\2240070\desktop\my_project\3dgp\x64\debug\imgui.obj
c:\users\2240070\desktop\my_project\shader\blur_ps.cod
c:\users\2240070\desktop\my_project\shader\blur_ps.cso
c:\users\2240070\desktop\my_project\shader\fullscreen_quad_ps.cod
c:\users\2240070\desktop\my_project\shader\fullscreen_quad_ps.cso
c:\users\2240070\desktop\my_project\shader\fullscreen_quad_vs.cod
c:\users\2240070\desktop\my_project\shader\fullscreen_quad_vs.cso
c:\users\2240070\desktop\my_project\shader\geometric_primitive_ps.cod
c:\users\2240070\desktop\my_project\shader\geometric_primitive_ps.cso
c:\users\2240070\desktop\my_project\shader\geometric_primitive_vs.cod
c:\users\2240070\desktop\my_project\shader\geometric_primitive_vs.cso
c:\users\2240070\desktop\my_project\shader\luminance_extraction_ps.cod
c:\users\2240070\desktop\my_project\shader\luminance_extraction_ps.cso
c:\users\2240070\desktop\my_project\shader\skinned_mesh_ps.cod
c:\users\2240070\desktop\my_project\shader\skinned_mesh_ps.cso
c:\users\2240070\desktop\my_project\shader\skinned_mesh_vs.cod
c:\users\2240070\desktop\my_project\shader\skinned_mesh_vs.cso
c:\users\2240070\desktop\my_project\shader\sprite_ps.cod
c:\users\2240070\desktop\my_project\shader\sprite_ps.cso
c:\users\2240070\desktop\my_project\shader\sprite_vs.cod
c:\users\2240070\desktop\my_project\shader\sprite_vs.cso
c:\users\2240070\desktop\my_project\shader\static_mesh_ps.cod
c:\users\2240070\desktop\my_project\shader\static_mesh_ps.cso
c:\users\2240070\desktop\my_project\shader\static_mesh_vs.cod
c:\users\2240070\desktop\my_project\shader\static_mesh_vs.cso
c:\users\2240070\desktop\my_project\shader\wireframe.cod
c:\users\2240070\desktop\my_project\shader\wireframe.cso
c:\users\2240070\desktop\my_project\shader\gltf_model_ps.cod
c:\users\2240070\desktop\my_project\shader\gltf_model_ps.cso
c:\users\2240070\desktop\my_project\shader\gltf_model_vs.cod
c:\users\2240070\desktop\my_project\shader\gltf_model_vs.cso
c:\users\2240070\desktop\my_project\x64\debug\3dgp.exe
c:\users\2240070\desktop\my_project\x64\debug\3dgp.pdb
c:\users\2240070\desktop\my_project\x64\debug\3dgp.lib
c:\users\2240070\desktop\my_project\x64\debug\3dgp.exp
c:\users\2240070\desktop\my_project\3dgp\x64\debug\3dgp.ilk
c:\users\2240070\desktop\my_project\3dgp\x64\debug\3dgp.tlog\cl.command.1.tlog
c:\users\2240070\desktop\my_project\3dgp\x64\debug\3dgp.tlog\cl.items.tlog
c:\users\2240070\desktop\my_project\3dgp\x64\debug\3dgp.tlog\cl.read.1.tlog
c:\users\2240070\desktop\my_project\3dgp\x64\debug\3dgp.tlog\cl.write.1.tlog
c:\users\2240070\desktop\my_project\3dgp\x64\debug\3dgp.tlog\fxc.command.1.tlog
c:\users\2240070\desktop\my_project\3dgp\x64\debug\3dgp.tlog\fxc.read.1.tlog
c:\users\2240070\desktop\my_project\3dgp\x64\debug\3dgp.tlog\fxc.write.1.tlog
c:\users\2240070\desktop\my_project\3dgp\x64\debug\3dgp.tlog\link.command.1.tlog
c:\users\2240070\desktop\my_project\3dgp\x64\debug\3dgp.tlog\link.read.1.tlog
c:\users\2240070\desktop\my_project\3dgp\x64\debug\3dgp.tlog\link.secondary.1.tlog
c:\users\2240070\desktop\my_project\3dgp\x64\debug\3dgp.tlog\link.write.1.tlog
